Fri Sep 22 16:45:04 2017... 
Portfolio mlc : MC ()
*** Total: equity: 0 cash: 155780.96764  ***

Portfolio mlc : SPSL RRSP (59001651)
230 BCE
819 G
*** Total: equity: 26484.73 cash: 279.992278799984  ***

Portfolio mlc : BNS US ()
*** Total: equity: 0 cash: 184.018360000001  ***

Portfolio mlc : CASH OPT CDN (57500693)
*** Total: equity: 0 cash: 1.22233300000055  ***

Portfolio mlc : L TFSA (54608237_TFSA_CAD)
2 BTE
*** Total: equity: 7.18 cash: 52713.864051  ***

Portfolio mlc : Ally (Ally)
*** Total: equity: 0 cash: 10.3123329999982  ***

Portfolio mlc : Visa ()
*** Total: equity: 0 cash: -0.137667000002137  ***

Portfolio mlc : BNS Savings ()
*** Total: equity: 0 cash: 705.672333  ***

Portfolio mlc : MC CHF ()
*** Total: equity: 0 cash: 1474.01  ***

Portfolio mlc : CTFS (Can Tire Fin.)
*** Total: equity: 0 cash: 578.65233300001  ***

Portfolio mlc : VF app ()
*** Total: equity: 0 cash: 600655.01  ***

Portfolio mlc : TFSA CAD (54600302)
199 ALA
2 BTE
1084 G
1150 RNW
*** Total: equity: 38507.39 cash: 164.374693200012  ***

Portfolio mlc : L RRSP (59023799_RRSP_CAD)
315 BCE
958 BNS
500 BTE
3213 G
853 RNW
479 RY
216 TRP
31 Y.WT
*** Total: equity: 217701.43 cash: 1947.61030419996  ***

Portfolio mlc : Gold (Scotia)
*** Total: equity: 0 cash: 76417.7098175039  ***

Portfolio mlc : BNS EU ()
*** Total: equity: 0 cash: 0.186879999993136  ***

Portfolio mlc : IB (U806973)
6350 ABX
*** Total: equity: 128206.5 cash: 14688.6170203799  ***

Portfolio mlc : CDF ()
*** Total: equity: 0 cash: 4.77233300000204  ***

Portfolio mlc : CASH OPT USD (57500693U)
*** Total: equity: 0 cash: 0.0839979999999327  ***

Portfolio mlc : Goldmoney ()
*** Total: equity: 0 cash: 6997.53004232321  ***

Portfolio mlc : House&Cars ()
*** Total: equity: 0 cash: 800000.012333  ***

Portfolio mlc : CZAM ()
*** Total: equity: 0 cash: 296.284  ***

Portfolio mlc : CASH USD (57004246U cashin: 21866)
*** Total: equity: 0 cash: 0.00999999999858914  ***

Portfolio mlc : PCF Savings ()
*** Total: equity: 0 cash: 15063.1523329999  ***

Portfolio mlc : CASH CAD (57004246C cashin: 257418)
1 ABX
583 BCE
12725 BTE
643 CNQ
2140 ENB
3096 G
983 IPL
1000 PAAS
1214 PWF
3142 RNW
706 TRP
*** Total: equity: 437731.77 cash: 468.282856800903  ***

Portfolio mlc : RRSP (59001652C)
4949 ABX
104 BCE
98 BNS
87 RY
148 TD
*** Total: equity: 132275.47 cash: 827.569953146189  ***

Portfolio mlc2 : port2 (ETport2)
1000 RY
*** Total: equity: 94400 cash: -7529.957667  ***

Portfolio mlc2 : XXX (xxxxxxx)
2010 RY
*** Total: equity: 189744 cash: -1959.92766700003  ***

Portfolio mlc2 : Test port for mlc2 (ETtest)
2500 BNS
2100 RY
*** Total: equity: 397540 cash: -117935.837667  ***

Portfolio elenao : L Cash Opt CAD (57519644_Cash_Optimizer_CAD)
*** Total: equity: 0 cash: 65.622333  ***

Portfolio zzz : test1 (etrade)
100 G
*** Total: equity: 1587 cash: 5490.022333  ***

